Compilación iniciada a las 26/09/2017 09:59:46 p.m..
Proyecto "C:\Documents and Settings\Administrador\Escritorio\Nueva carpeta\FutbolRobot\equipo_basico-src\Strategy.vcxproj" en el nodo 2 (rebuild destinos).
_PrepareForClean:
  Se eliminará el archivo "Debug\Strategy.lastbuildstate".
InitializeBuildStatus:
  Se creará "Debug\Strategy.unsuccessfulbuild" porque se especificó "AlwaysCreate".
ClCompile:
  c:\Archivos de programa\Microsoft Visual Studio 10.0\VC\bin\CL.exe /c /I"C:\Documents and Settings\Administrador\Escritorio\Nueva carpeta\FutbolRobot\equipo_basico-src" /AI"C:\Documents and Settings\Administrador\Escritorio\Nueva carpeta\FutbolRobot\equipo_basico-src" /ZI /nologo /W3 /WX- /Od /Oy- /D WIN32 /D _DEBUG /D _WINDOWS /D _USRDLL /D STRATEGY_EXPORTS /D _VC80_UPGRADE=0x0600 /D _WINDLL /D _MBCS /Gm /EHsc /RTC1 /MTd /GS /Gy- /fp:precise /Zc:wchar_t /Zc:forScope /Yc"stdafx.h" /Fp"Debug\Strategy.pch" /Fo"Debug\\" /Fd"Debug\vc100.pdb" /FR"Debug\\" /Gd /TP /analyze- /errorReport:prompt StdAfx.cpp
  StdAfx.cpp
  c:\Archivos de programa\Microsoft Visual Studio 10.0\VC\bin\CL.exe /c /I"C:\Documents and Settings\Administrador\Escritorio\Nueva carpeta\FutbolRobot\equipo_basico-src" /AI"C:\Documents and Settings\Administrador\Escritorio\Nueva carpeta\FutbolRobot\equipo_basico-src" /ZI /nologo /W3 /WX- /Od /Oy- /D WIN32 /D _DEBUG /D _WINDOWS /D _USRDLL /D STRATEGY_EXPORTS /D _VC80_UPGRADE=0x0600 /D _WINDLL /D _MBCS /Gm /EHsc /RTC1 /MTd /GS /Gy- /fp:precise /Zc:wchar_t /Zc:forScope /Yu"stdafx.h" /Fp"Debug\Strategy.pch" /Fo"Debug\\" /Fd"Debug\vc100.pdb" /FR"Debug\\" /Gd /TP /analyze- /errorReport:prompt Strategy.cpp Util.cpp
  Util.cpp
  Strategy.cpp
c:\documents and settings\administrador\escritorio\nueva carpeta\futbolrobot\equipo_basico-src\strategy.cpp(132): warning C4996: 'fopen': This function or variable may be unsafe. Consider using fopen_s instead. To disable deprecation, use _CRT_SECURE_NO_WARNINGS. See online help for details.
          c:\archivos de programa\microsoft visual studio 10.0\vc\include\stdio.h(234) : vea la declaración de 'fopen'
  Generando código...
c:\documents and settings\administrador\escritorio\nueva carpeta\futbolrobot\equipo_basico-src\util.cpp(154): warning C4715: 'ZonaReal' : no todas las rutas de acceso de control devuelven un valor
ManifestResourceCompile:
  c:\Archivos de programa\Microsoft SDKs\Windows\v7.0A\bin\rc.exe /nologo /fo"Debug\Strategy.dll.embed.manifest.res" Debug\Strategy_manifest.rc 
Link:
  c:\Archivos de programa\Microsoft Visual Studio 10.0\VC\bin\link.exe /ERRORREPORT:PROMPT /OUT:"C:\Documents and Settings\Administrador\Escritorio\Nueva carpeta\FutbolRobot\equipo_basico-src\Debug\Strategy.dll" /INCREMENTAL /NOLOGO odbc32.lib odbccp32.lib kernel32.lib user32.lib gdi32.lib winspool.lib comdlg32.lib advapi32.lib shell32.lib ole32.lib oleaut32.lib uuid.lib odbc32.lib odbccp32.lib /MANIFEST /ManifestFile:"Debug\Strategy.dll.intermediate.manifest" /MANIFESTUAC:"level='asInvoker' uiAccess='false'" /DEBUG /PDB:"C:\Documents and Settings\Administrador\Escritorio\Nueva carpeta\FutbolRobot\equipo_basico-src\Debug\Strategy.pdb" /SUBSYSTEM:CONSOLE /TLBID:1 /DYNAMICBASE /NXCOMPAT /IMPLIB:"C:\Documents and Settings\Administrador\Escritorio\Nueva carpeta\FutbolRobot\equipo_basico-src\Debug\Strategy.lib" /MACHINE:X86 /DLL Debug\Strategy.dll.embed.manifest.res
  Debug\StdAfx.obj
  Debug\Strategy.obj
  Debug\Util.obj
     Creando biblioteca C:\Documents and Settings\Administrador\Escritorio\Nueva carpeta\FutbolRobot\equipo_basico-src\Debug\Strategy.lib y objeto C:\Documents and Settings\Administrador\Escritorio\Nueva carpeta\FutbolRobot\equipo_basico-src\Debug\Strategy.exp
Manifest:
  Se eliminará el archivo "Debug\Strategy.dll.embed.manifest".
  c:\Archivos de programa\Microsoft SDKs\Windows\v7.0A\bin\mt.exe /nologo /verbose /out:"Debug\Strategy.dll.embed.manifest" /manifest Debug\Strategy.dll.intermediate.manifest
  c:\Archivos de programa\Microsoft SDKs\Windows\v7.0A\bin\rc.exe /nologo /fo"Debug\Strategy.dll.embed.manifest.res" Debug\Strategy_manifest.rc 
LinkEmbedManifest:
  c:\Archivos de programa\Microsoft Visual Studio 10.0\VC\bin\link.exe /ERRORREPORT:PROMPT /OUT:"C:\Documents and Settings\Administrador\Escritorio\Nueva carpeta\FutbolRobot\equipo_basico-src\Debug\Strategy.dll" /INCREMENTAL /NOLOGO odbc32.lib odbccp32.lib kernel32.lib user32.lib gdi32.lib winspool.lib comdlg32.lib advapi32.lib shell32.lib ole32.lib oleaut32.lib uuid.lib odbc32.lib odbccp32.lib /MANIFEST /ManifestFile:"Debug\Strategy.dll.intermediate.manifest" /MANIFESTUAC:"level='asInvoker' uiAccess='false'" /DEBUG /PDB:"C:\Documents and Settings\Administrador\Escritorio\Nueva carpeta\FutbolRobot\equipo_basico-src\Debug\Strategy.pdb" /SUBSYSTEM:CONSOLE /TLBID:1 /DYNAMICBASE /NXCOMPAT /IMPLIB:"C:\Documents and Settings\Administrador\Escritorio\Nueva carpeta\FutbolRobot\equipo_basico-src\Debug\Strategy.lib" /MACHINE:X86 /DLL Debug\Strategy.dll.embed.manifest.res
  Debug\StdAfx.obj
  Debug\Strategy.obj
  Debug\Util.obj
     Creando biblioteca C:\Documents and Settings\Administrador\Escritorio\Nueva carpeta\FutbolRobot\equipo_basico-src\Debug\Strategy.lib y objeto C:\Documents and Settings\Administrador\Escritorio\Nueva carpeta\FutbolRobot\equipo_basico-src\Debug\Strategy.exp
  Strategy.vcxproj -> C:\Documents and Settings\Administrador\Escritorio\Nueva carpeta\FutbolRobot\equipo_basico-src\Debug\Strategy.dll
BscMake:
  c:\Archivos de programa\Microsoft Visual Studio 10.0\VC\bin\bscmake.exe /nologo /o".\Debug\Strategy.bsc" Debug\StdAfx.sbr Debug\Strategy.sbr Debug\Util.sbr
FinalizeBuildStatus:
  Se eliminará el archivo "Debug\Strategy.unsuccessfulbuild".
  Aplicando tarea Touch a "Debug\Strategy.lastbuildstate".
Compilación del proyecto terminada "C:\Documents and Settings\Administrador\Escritorio\Nueva carpeta\FutbolRobot\equipo_basico-src\Strategy.vcxproj" (rebuild destinos).

Compilación correcta.

Tiempo transcurrido 00:00:04.82
