C:\Documents and Settings\Administrador\Escritorio\Nueva carpeta\FutbolRobot\equipo_basico-src\Debug\BscMake.command.1.tlog
C:\Documents and Settings\Administrador\Escritorio\Nueva carpeta\FutbolRobot\equipo_basico-src\Debug\bscmake.read.1.tlog
C:\Documents and Settings\Administrador\Escritorio\Nueva carpeta\FutbolRobot\equipo_basico-src\Debug\bscmake.write.1.tlog
C:\Documents and Settings\Administrador\Escritorio\Nueva carpeta\FutbolRobot\equipo_basico-src\Debug\cl.command.1.tlog
C:\Documents and Settings\Administrador\Escritorio\Nueva carpeta\FutbolRobot\equipo_basico-src\Debug\CL.read.1.tlog
C:\Documents and Settings\Administrador\Escritorio\Nueva carpeta\FutbolRobot\equipo_basico-src\Debug\CL.write.1.tlog
C:\Documents and Settings\Administrador\Escritorio\Nueva carpeta\FutbolRobot\equipo_basico-src\Debug\link.2424.read.1.tlog
C:\Documents and Settings\Administrador\Escritorio\Nueva carpeta\FutbolRobot\equipo_basico-src\Debug\link.2424.write.1.tlog
C:\Documents and Settings\Administrador\Escritorio\Nueva carpeta\FutbolRobot\equipo_basico-src\Debug\link.2424-cvtres.read.1.tlog
C:\Documents and Settings\Administrador\Escritorio\Nueva carpeta\FutbolRobot\equipo_basico-src\Debug\link.2424-cvtres.write.1.tlog
C:\Documents and Settings\Administrador\Escritorio\Nueva carpeta\FutbolRobot\equipo_basico-src\Debug\link.command.1.tlog
C:\Documents and Settings\Administrador\Escritorio\Nueva carpeta\FutbolRobot\equipo_basico-src\Debug\link.read.1.tlog
C:\Documents and Settings\Administrador\Escritorio\Nueva carpeta\FutbolRobot\equipo_basico-src\Debug\link.write.1.tlog
C:\Documents and Settings\Administrador\Escritorio\Nueva carpeta\FutbolRobot\equipo_basico-src\Debug\link-cvtres.read.1.tlog
C:\Documents and Settings\Administrador\Escritorio\Nueva carpeta\FutbolRobot\equipo_basico-src\Debug\link-cvtres.write.1.tlog
C:\Documents and Settings\Administrador\Escritorio\Nueva carpeta\FutbolRobot\equipo_basico-src\Debug\mt.command.1.tlog
C:\Documents and Settings\Administrador\Escritorio\Nueva carpeta\FutbolRobot\equipo_basico-src\Debug\mt.read.1.tlog
C:\Documents and Settings\Administrador\Escritorio\Nueva carpeta\FutbolRobot\equipo_basico-src\Debug\mt.write.1.tlog
C:\Documents and Settings\Administrador\Escritorio\Nueva carpeta\FutbolRobot\equipo_basico-src\Debug\rc.command.1.tlog
C:\Documents and Settings\Administrador\Escritorio\Nueva carpeta\FutbolRobot\equipo_basico-src\Debug\rc.read.1.tlog
C:\Documents and Settings\Administrador\Escritorio\Nueva carpeta\FutbolRobot\equipo_basico-src\Debug\rc.write.1.tlog
C:\DOCUMENTS AND SETTINGS\ADMINISTRADOR\ESCRITORIO\NUEVA CARPETA\FUTBOLROBOT\EQUIPO_BASICO-SRC\DEBUG\STDAFX.OBJ
C:\DOCUMENTS AND SETTINGS\ADMINISTRADOR\ESCRITORIO\NUEVA CARPETA\FUTBOLROBOT\EQUIPO_BASICO-SRC\DEBUG\STDAFX.SBR
C:\DOCUMENTS AND SETTINGS\ADMINISTRADOR\ESCRITORIO\NUEVA CARPETA\FUTBOLROBOT\EQUIPO_BASICO-SRC\DEBUG\STRATEGY.BSC
C:\DOCUMENTS AND SETTINGS\ADMINISTRADOR\ESCRITORIO\NUEVA CARPETA\FUTBOLROBOT\EQUIPO_BASICO-SRC\DEBUG\STRATEGY.DLL
C:\DOCUMENTS AND SETTINGS\ADMINISTRADOR\ESCRITORIO\NUEVA CARPETA\FUTBOLROBOT\EQUIPO_BASICO-SRC\DEBUG\STRATEGY.DLL.EMBED.MANIFEST
C:\DOCUMENTS AND SETTINGS\ADMINISTRADOR\ESCRITORIO\NUEVA CARPETA\FUTBOLROBOT\EQUIPO_BASICO-SRC\DEBUG\STRATEGY.DLL.EMBED.MANIFEST.RES
C:\DOCUMENTS AND SETTINGS\ADMINISTRADOR\ESCRITORIO\NUEVA CARPETA\FUTBOLROBOT\EQUIPO_BASICO-SRC\DEBUG\STRATEGY.DLL.INTERMEDIATE.MANIFEST
C:\Documents and Settings\Administrador\Escritorio\Nueva carpeta\FutbolRobot\equipo_basico-src\Debug\Strategy.exp
C:\DOCUMENTS AND SETTINGS\ADMINISTRADOR\ESCRITORIO\NUEVA CARPETA\FUTBOLROBOT\EQUIPO_BASICO-SRC\DEBUG\STRATEGY.ILK
C:\Documents and Settings\Administrador\Escritorio\Nueva carpeta\FutbolRobot\equipo_basico-src\Debug\Strategy.lib
C:\DOCUMENTS AND SETTINGS\ADMINISTRADOR\ESCRITORIO\NUEVA CARPETA\FUTBOLROBOT\EQUIPO_BASICO-SRC\DEBUG\STRATEGY.OBJ
C:\DOCUMENTS AND SETTINGS\ADMINISTRADOR\ESCRITORIO\NUEVA CARPETA\FUTBOLROBOT\EQUIPO_BASICO-SRC\DEBUG\STRATEGY.PCH
C:\DOCUMENTS AND SETTINGS\ADMINISTRADOR\ESCRITORIO\NUEVA CARPETA\FUTBOLROBOT\EQUIPO_BASICO-SRC\DEBUG\STRATEGY.PDB
C:\DOCUMENTS AND SETTINGS\ADMINISTRADOR\ESCRITORIO\NUEVA CARPETA\FUTBOLROBOT\EQUIPO_BASICO-SRC\DEBUG\STRATEGY.SBR
C:\Documents and Settings\Administrador\Escritorio\Nueva carpeta\FutbolRobot\equipo_basico-src\Debug\Strategy.write.1.tlog
C:\Documents and Settings\Administrador\Escritorio\Nueva carpeta\FutbolRobot\equipo_basico-src\Debug\Strategy_manifest.rc
C:\DOCUMENTS AND SETTINGS\ADMINISTRADOR\ESCRITORIO\NUEVA CARPETA\FUTBOLROBOT\EQUIPO_BASICO-SRC\DEBUG\UTIL.OBJ
C:\DOCUMENTS AND SETTINGS\ADMINISTRADOR\ESCRITORIO\NUEVA CARPETA\FUTBOLROBOT\EQUIPO_BASICO-SRC\DEBUG\UTIL.SBR
C:\Documents and Settings\Administrador\Escritorio\Nueva carpeta\FutbolRobot\equipo_basico-src\Debug\vc100.idb
C:\DOCUMENTS AND SETTINGS\ADMINISTRADOR\ESCRITORIO\NUEVA CARPETA\FUTBOLROBOT\EQUIPO_BASICO-SRC\DEBUG\VC100.PDB
